Job 20235040.pbspl1.nas.nasa.gov started on Mon Aug 05 18:05:19 PDT 2024
The job requested the following resources:
    ncpus=28
    place=scatter:excl
    walltime=08:00:00

PBS set the following environment variables:
        FORT_BUFFERED = 1
                   TZ = PST8PDT

On r577i3n2:
	This module will set up an alias for easy anonymous
	check-out last version of the Modules package
	get-modules   - retrieve last version of modules sources
Loading hdf5/1.8.18_mpt
  ERROR: hdf5/1.8.18_mpt cannot be loaded due to missing prereq.
    HINT: at least one of the following modules must be loaded first: mpi-sgi
    mpi-hpe
Loading netcdf/4.4.1.1_mpt
  ERROR: netcdf/4.4.1.1_mpt cannot be loaded due to missing prereq.
    HINT: the following module must be loaded first: hdf5/1.8.18_mpt
Current directory is /nobackup/jjung13/github_ACMAP/AIDA/run
Current directory is /nobackup/jjung13/github_ACMAP/AIDA/run

____________________________________________________________________
Job Resource Usage Summary for 20235040.pbspl1.nas.nasa.gov

    CPU Time Used            : 00:00:24
    Real Memory Used         : 146272kb
    Walltime Used            : 00:02:34
    Exit Status              : 271

    Number of CPUs Requested : 28
    Walltime Requested       : 08:00:00

    Execution Queue          : normal
    Charged To               : s1395

    Job Stopped              : Mon Aug  5 18:08:15 2024
____________________________________________________________________
